WARNING: --num-threads is deprecated, use --threads instead
sysbench 1.0.11 (using system LuaJIT 2.1.0-beta3)

Running the test with following options:
Number of threads: 4
Initializing random number generator from current time


Prime numbers limit: 20000

Initializing worker threads...

Threads started!

CPU speed:
    events per second:   857.65

General statistics:
    total time:                          10.0283s
    total number of events:              8602

Latency (ms):
         min:                                  2.32
         avg:                                  4.66
         max:                                 59.09
         95th percentile:                      2.66
         sum:                              40104.16

Threads fairness:
    events (avg/stddev):           2150.5000/7.23
    execution time (avg/stddev):   10.0260/0.00

