WARNING: --num-threads is deprecated, use --threads instead
sysbench 1.0.11 (using system LuaJIT 2.1.0-beta3)

Running the test with following options:
Number of threads: 4
Initializing random number generator from current time


Prime numbers limit: 20000

Initializing worker threads...

Threads started!

CPU speed:
    events per second:   907.89

General statistics:
    total time:                          10.0062s
    total number of events:              9086

Latency (ms):
         min:                                  2.13
         avg:                                  4.40
         max:                                 56.27
         95th percentile:                      2.81
         sum:                              40015.23

Threads fairness:
    events (avg/stddev):           2271.5000/11.26
    execution time (avg/stddev):   10.0038/0.00

