WARNING: --num-threads is deprecated, use --threads instead
sysbench 1.0.11 (using system LuaJIT 2.1.0-beta3)

Running the test with following options:
Number of threads: 4
Initializing random number generator from current time


Prime numbers limit: 20000

Initializing worker threads...

Threads started!

CPU speed:
    events per second:   908.38

General statistics:
    total time:                          10.0481s
    total number of events:              9129

Latency (ms):
         min:                                  2.13
         avg:                                  4.40
         max:                                 54.40
         95th percentile:                      2.86
         sum:                              40180.72

Threads fairness:
    events (avg/stddev):           2282.2500/21.32
    execution time (avg/stddev):   10.0452/0.00

