WARNING: --num-threads is deprecated, use --threads instead
sysbench 1.0.11 (using system LuaJIT 2.1.0-beta3)

Running the test with following options:
Number of threads: 4
Initializing random number generator from current time


Prime numbers limit: 20000

Initializing worker threads...

Threads started!

CPU speed:
    events per second:   858.37

General statistics:
    total time:                          10.0479s
    total number of events:              8626

Latency (ms):
         min:                                  2.33
         avg:                                  4.66
         max:                                 57.30
         95th percentile:                      2.48
         sum:                              40183.25

Threads fairness:
    events (avg/stddev):           2156.5000/17.70
    execution time (avg/stddev):   10.0458/0.00

