WARNING: --num-threads is deprecated, use --threads instead
sysbench 1.0.11 (using system LuaJIT 2.1.0-beta3)

Running the test with following options:
Number of threads: 4
Initializing random number generator from current time


Prime numbers limit: 20000

Initializing worker threads...

Threads started!

CPU speed:
    events per second:   995.71

General statistics:
    total time:                          10.0218s
    total number of events:              9980

Latency (ms):
         min:                                  2.00
         avg:                                  4.01
         max:                                 52.53
         95th percentile:                      2.07
         sum:                              40030.49

Threads fairness:
    events (avg/stddev):           2495.0000/3.24
    execution time (avg/stddev):   10.0076/0.02

