WARNING: --num-threads is deprecated, use --threads instead
sysbench 1.0.11 (using system LuaJIT 2.1.0-beta3)

Running the test with following options:
Number of threads: 4
Initializing random number generator from current time


Prime numbers limit: 20000

Initializing worker threads...

Threads started!

CPU speed:
    events per second:   995.70

General statistics:
    total time:                          10.0360s
    total number of events:              9994

Latency (ms):
         min:                                  2.00
         avg:                                  4.02
         max:                                 55.35
         95th percentile:                      2.07
         sum:                              40138.63

Threads fairness:
    events (avg/stddev):           2498.5000/12.97
    execution time (avg/stddev):   10.0347/0.00

