WARNING: --num-threads is deprecated, use --threads instead
sysbench 1.0.11 (using system LuaJIT 2.1.0-beta3)

Running the test with following options:
Number of threads: 4
Initializing random number generator from current time


Prime numbers limit: 20000

Initializing worker threads...

Threads started!

CPU speed:
    events per second:   859.84

General statistics:
    total time:                          10.0016s
    total number of events:              8601

Latency (ms):
         min:                                  2.33
         avg:                                  4.65
         max:                                 59.38
         95th percentile:                      2.57
         sum:                              39998.27

Threads fairness:
    events (avg/stddev):           2150.2500/12.34
    execution time (avg/stddev):   9.9996/0.00

